<?xml version="1.0" encoding="UTF-8"?>
<!-- Generated by org.testng.reporters.JUnitXMLReporter -->
<testsuite ignored="0" hostname="LAPTOP-PU6CPAVT" failures="0" tests="4" name="Default test" time="1.291" errors="0" timestamp="2023-12-26T10:46:13 IST">
  <testcase classname="Selenium.WebDriver.TestDataProvider" name="testcaseData" time="0.011"/>
  <testcase classname="Selenium.WebDriver.TestDataProvider" name="testcaseData" time="0.004"/>
  <testcase classname="Selenium.WebDriver.TestDataProvider" name="testcaseData" time="0.005"/>
  <testcase classname="Selenium.WebDriver.TestDataProvider" name="testcaseData" time="0.011"/>
</testsuite> <!-- Default test -->
