<?xml version="1.0" encoding="UTF-8"?>
<!-- Generated by org.testng.reporters.JUnitXMLReporter -->
<testsuite ignored="0" hostname="LAPTOP-PU6CPAVT" failures="0" tests="16" name="Test" time="0.236" errors="0" timestamp="2023-12-21T14:13:37 IST">
  <testcase classname="Selenium.WebDriver.TestNGDemo" name="firstTest" time="0.012"/>
  <testcase classname="testNgAnnotations.Demo4" name="adminPostDelete" time="0.003"/>
  <testcase classname="testNgAnnotations.Demo4" name="adminPostedit" time="0.003"/>
  <testcase classname="testNgAnnotations.Demo3" name="androidPostcreation" time="0.002"/>
  <testcase classname="testNgAnnotations.Demo3" name="androidPostedit" time="0.001"/>
  <testcase classname="testNgAnnotations.Demo3" name="androidPostDelete" time="0.001"/>
  <testcase classname="testNgAnnotations.Demo2" name="iosAppPostedit" time="0.004"/>
  <testcase classname="testNgAnnotations.Demo2" name="iosAppPostedit" time="0.003"/>
  <testcase classname="testNgAnnotations.Demo2" name="iosAppPostedit" time="0.004"/>
  <testcase classname="testNgAnnotations.Demo2" name="iosPostDelete" time="0.003"/>
  <testcase classname="testNgAnnotations.Demo2" name="iosPostcreation" time="0.004"/>
  <testcase classname="testNgAnnotations.Demo2" name="iosPostcreation" time="0.003"/>
  <testcase classname="testNgAnnotations.Demo2" name="iosPostcreation" time="0.004"/>
  <testcase classname="testNgAnnotations.Demo1" name="webAppPostcreation" time="0.002"/>
  <testcase classname="testNgAnnotations.Demo1" name="webAppPostedit" time="0.003"/>
  <testcase classname="testNgAnnotations.Demo1" name="webAppPostDelete" time="0.003"/>
</testsuite> <!-- Test -->
