<?xml version="1.0" encoding="UTF-8"?>
<testng-results ignored="0" total="4" passed="4" failed="0" skipped="0">
  <reporter-output>
  </reporter-output>
  <suite started-at="2023-12-26T10:46:12 IST" name="Default suite" finished-at="2023-12-26T10:46:13 IST" duration-ms="1291">
    <groups>
    </groups>
    <test started-at="2023-12-26T10:46:12 IST" name="Default test" finished-at="2023-12-26T10:46:13 IST" duration-ms="1291">
      <class name="Selenium.WebDriver.TestDataProvider">
        <test-method signature="testcaseData(java.lang.String,java.lang.String,java.lang.String,java.lang.String)[pri:0, instance:Selenium.WebDriver.TestDataProvider@5e600dd5]" started-at="2023-12-26T10:46:13 IST" name="testcaseData" data-provider="TestData" finished-at="2023-12-26T10:46:13 IST" duration-ms="11" status="PASS">
          <params>
            <param index="0">
              <value>
                <![CDATA[Login]]>
              </value>
            </param>
            <param index="1">
              <value>
                <![CDATA[dskd]]>
              </value>
            </param>
            <param index="2">
              <value>
                <![CDATA[sirsl]]>
              </value>
            </param>
            <param index="3">
              <value>
                <![CDATA[icus]]>
              </value>
            </param>
          </params>
          <reporter-output>
          </reporter-output>
        </test-method> <!-- testcaseData -->
        <test-method signature="testcaseData(java.lang.String,java.lang.String,java.lang.String,java.lang.String)[pri:0, instance:Selenium.WebDriver.TestDataProvider@5e600dd5]" started-at="2023-12-26T10:46:13 IST" name="testcaseData" data-provider="TestData" finished-at="2023-12-26T10:46:13 IST" duration-ms="4" status="PASS">
          <params>
            <param index="0">
              <value>
                <![CDATA[Purchase]]>
              </value>
            </param>
            <param index="1">
              <value>
                <![CDATA[tye]]>
              </value>
            </param>
            <param index="2">
              <value>
                <![CDATA[yhdf]]>
              </value>
            </param>
            <param index="3">
              <value>
                <![CDATA[ghfg]]>
              </value>
            </param>
          </params>
          <reporter-output>
          </reporter-output>
        </test-method> <!-- testcaseData -->
        <test-method signature="testcaseData(java.lang.String,java.lang.String,java.lang.String,java.lang.String)[pri:0, instance:Selenium.WebDriver.TestDataProvider@5e600dd5]" started-at="2023-12-26T10:46:13 IST" name="testcaseData" data-provider="TestData" finished-at="2023-12-26T10:46:13 IST" duration-ms="5" status="PASS">
          <params>
            <param index="0">
              <value>
                <![CDATA[Add Profile]]>
              </value>
            </param>
            <param index="1">
              <value>
                <![CDATA[iok]]>
              </value>
            </param>
            <param index="2">
              <value>
                <![CDATA[vdfr]]>
              </value>
            </param>
            <param index="3">
              <value>
                <![CDATA[wsx]]>
              </value>
            </param>
          </params>
          <reporter-output>
          </reporter-output>
        </test-method> <!-- testcaseData -->
        <test-method signature="testcaseData(java.lang.String,java.lang.String,java.lang.String,java.lang.String)[pri:0, instance:Selenium.WebDriver.TestDataProvider@5e600dd5]" started-at="2023-12-26T10:46:13 IST" name="testcaseData" data-provider="TestData" finished-at="2023-12-26T10:46:13 IST" duration-ms="11" status="PASS">
          <params>
            <param index="0">
              <value>
                <![CDATA[Delete Profile]]>
              </value>
            </param>
            <param index="1">
              <value>
                <![CDATA[qaz]]>
              </value>
            </param>
            <param index="2">
              <value>
                <![CDATA[qwe]]>
              </value>
            </param>
            <param index="3">
              <value>
                <![CDATA[rty]]>
              </value>
            </param>
          </params>
          <reporter-output>
          </reporter-output>
        </test-method> <!-- testcaseData -->
      </class> <!-- Selenium.WebDriver.TestDataProvider -->
    </test> <!-- Default test -->
  </suite> <!-- Default suite -->
</testng-results>
